Command Failed
Command ID: 4dcdb02b-9739-4aab-ade3-97e0a04960dc
Instance ID: i-0ce66caf8a1692941
Status: Failed

Output:
2018-03-09T12:57:31.955Z: Ec2SetWallpaper: Setting to default
2018-03-09T12:57:53.804Z: Running in foreground...
2018-03-09T12:57:54.173Z: SysprepUtils: Setting bundle/Sysprep operations for Vista/2008.
2018-03-09T12:57:54.174Z: SysprepUtils: Reading Bundle Properties from C:\Program Files\Amazon\Ec2ConfigService\Settings\BundleConfig.xml
2018-03-09T12:57:54.174Z: SysprepUtils: Processing property: AutoSysprep
2018-03-09T12:57:54.175Z: SysprepUtils: Processing property: SetRDPCertificate
2018-03-09T12:57:54.176Z: SysprepUtils: Changing plugin Ec2ConfigureRDP state to Disabled
2018-03-09T12:57:54.177Z: SysprepUtils: Changing plugin Ec2OutputRDPCert state to Enabled
2018-03-09T12:57:54.177Z: SysprepUtils: Processing property: SetPasswordAfterSysprep
2018-03-09T12:57:54.177Z: SysprepUtils: Changing plugin Ec2SetPassword state to Enabled
2018-03-09T12:57:54.178Z: SysprepUtils: Changing plugin Ec2WindowsActivate state to Enabled
2018-03-09T12:57:54.178Z: SysprepUtils: Changing plugin Ec2HandleUserData state to Enabled
2018-03-09T12:57:54.178Z: SysprepUtils: Changing plugin Ec2DynamicBootVolumeSize state to Enabled
2018-03-09T12:57:55.049Z: SysprepUtils: Sysprep command: 'C:\windows\system32\sysprep\sysprep.exe'
2018-03-09T12:57:55.049Z: SysprepUtils: Sysprep args: '"/unattend:C:\Program Files\Amazon\Ec2ConfigService\sysprep2008.xml" /oobe /quit /generalize'
2018-03-09T13:00:11.949Z: Ec2ConfigService stopping...
2018-03-09T13:00:11.949Z: stopping Main configuration
2018-03-09T13:00:11.980Z: stopping Legacy configuration
2018-03-09T13:00:11.996Z: Message: EC2Config stopping.
2018-03-09T13:00:12.011Z: Closing COM port handle
2018-03-09T13:00:14.543Z: Done stopping running threads.
2018-03-09T13:00:14.792Z: Unhandled Exception Occurred: Shutting down 
2018-03-09T13:00:14.792Z: Possible Plugin Name from Exception is 
2018-03-09T13:00:14.792Z: Gettting Ec2ConfigExceptionsData...
2018-03-09T13:08:55.964Z: EC2Config service starting...
2018-03-09T13:08:56.011Z: Legacy configurator starting...
2018-03-09T13:08:56.449Z: Legacy configurator started.
2018-03-09T13:08:58.699Z: Finding resources
2018-03-09T13:08:58.699Z: Done Finding resources
2018-03-09T13:08:58.714Z: Updating config files...
2018-03-09T13:08:58.714Z: Update config files completed.
2018-03-09T13:08:58.714Z: EC2ConfigMonitorState: 0
2018-03-09T13:08:59.652Z: Difficulty detecting PV driver details for Console Output
2018-03-09T13:09:04.714Z: Starting execution of script 'C:\Program Files\Amazon\Ec2ConfigService\Scripts\DiscoverConsolePort.ps1'.
2018-03-09T13:11:02.353Z: Opening COM1 port handle to write to the console
2018-03-09T13:11:02.384Z: Checking Configuration State of Windows before continuing
2018-03-09T13:11:02.384Z: Windows is being configured. SysprepState=IMAGE_STATE_SPECIALIZE_RESEAL_TO_OOBE
2018-03-09T13:11:02.728Z: There was an exception writing driver information to console: System.Management.ManagementException: Critical error 
   at System.Management.ManagementException.ThrowWithExtendedInfo(ManagementStatus errorCode)
   at System.Management.ManagementObjectCollection.ManagementObjectEnumerator.MoveNext()
   at Ec2Config.LegacyConfiguration.LegacyConfigurator.GetDrivers()
2018-03-09T13:11:04.603Z: secedit executed successfully
2018-03-09T13:11:04.618Z: Password: GPO minimum length used is 0
2018-03-09T13:11:04.618Z: Ec2SetPassword: GPO Minimum length 0
2018-03-09T13:11:32.199Z: Ec2ConfigService stopping...
2018-03-09T13:11:32.199Z: stopping Main configuration
2018-03-09T13:11:32.215Z: stopping Legacy configuration
2018-03-09T13:11:32.230Z: Message: EC2Config stopping.
2018-03-09T13:11:32.230Z: Closing COM port handle
2018-03-09T13:11:32.246Z: Failed to start SSM Service.. Retrying it again: A system shutdown is in progress. (Exception from HRESULT: 0x8007045B)
2018-03-09T13:11:35.074Z: Done stopping running threads.
2018-03-09T13:13:11.969Z: EC2Config service starting...
2018-03-09T13:13:11.969Z: Legacy configurator starting...
2018-03-09T13:13:12.047Z: Legacy configurator started.
2018-03-09T13:13:12.266Z: Finding resources
2018-03-09T13:13:12.266Z: Done Finding resources
2018-03-09T13:13:12.266Z: Updating config files...
2018-03-09T13:13:12.282Z: Update config files completed.
2018-03-09T13:13:12.282Z: EC2ConfigMonitorState: 0
2018-03-09T13:13:12.751Z: Starting execution of script 'C:\Program Files\Amazon\Ec2ConfigService\Scripts\DiscoverConsolePort.ps1'.
2018-03-09T13:13:17.782Z: Opening COM1 port handle to write to the console
2018-03-09T13:13:17.907Z: Checking Configuration State of Windows before continuing
2018-03-09T13:13:17.907Z: Windows is being configured. SysprepState=IMAGE_STATE_UNDEPLOYABLE
2018-03-09T13:13:22.922Z: Windows sysprep configuration complete.
2018-03-09T13:13:23.250Z: Warning: Unable to Publish to WMI. | System.Management.Instrumentation.WmiProviderInstallationException: Exception of type 'System.Management.Instrumentation.WMIInfraException' was thrown.
   at System.Management.Instrumentation.InstrumentationManager.Publish(Object value)
   at Ec2Config.LegacyConfiguration.LegacyConfigurator.PublishWmiInstance()
2018-03-09T13:13:23.391Z: Checking for Sysprep
2018-03-09T13:13:23.860Z: 2018/03/09 13:08:19Z: Message: Sysprep Start
2018-03-09T13:13:23.860Z: 2018/03/09 13:11:32Z: Message: Sysprep End
2018-03-09T13:13:23.860Z: Sysprep was run recently
2018-03-09T13:13:23.860Z: AMI Origin Version: 2018.02.23
2018-03-09T13:13:23.875Z: AMI Origin Name: Windows_Server-2012-R2_RTM-English-64Bit-Base
2018-03-09T13:13:23.875Z: OS: Microsoft Windows NT 6.3.9600
2018-03-09T13:13:23.875Z: OsVersion: 6.3
2018-03-09T13:13:23.875Z: OsProductName: Windows Server 2012 R2 Standard
2018-03-09T13:13:23.875Z: OsBuildLabEx: 9600.18931.amd64fre.winblue_ltsb.180201-0600
2018-03-09T13:13:23.891Z: Language: en-GB
2018-03-09T13:13:23.891Z: TimeZone: GMT Standard Time
2018-03-09T13:13:23.891Z: Offset: UTC 00:00:00
2018-03-09T13:13:23.891Z: EC2 Agent: Ec2Config service v4.9.2400
2018-03-09T13:13:24.313Z: Reading C:\Program Files\Amazon\Ec2ConfigService\Settings\config.xml
2018-03-09T13:13:24.469Z: EC2AddRoute: Adding Routes to Adapter with index: 12
2018-03-09T13:13:24.532Z: EC2AddRoute: Successfully added the Ip Route: 169.254.169.254 mask: 255.255.255.255, gateway: 10.65.128.1, NIC index: 12, Metric: 10
2018-03-09T13:13:24.547Z: EC2AddRoute: Successfully added the Ip Route: 169.254.169.250 mask: 255.255.255.255, gateway: 10.65.128.1, NIC index: 12, Metric: 10
2018-03-09T13:13:24.547Z: EC2AddRoute: Successfully added the Ip Route: 169.254.169.251 mask: 255.255.255.255, gateway: 10.65.128.1, NIC index: 12, Metric: 10
2018-03-09T13:13:24.547Z: Message: Waiting for meta-data accessibility...
2018-03-09T13:13:24.594Z: Message: Meta-data is now available.
2018-03-09T13:13:27.235Z: Windows License Type: ProvidedByAmazon
2018-03-09T13:13:27.250Z: AMI-ID: ami-4c044835
2018-03-09T13:13:27.250Z: Instance-ID: i-0ce66caf8a1692941
2018-03-09T13:13:27.313Z: Ec2SetDnsSuffixes: Setting new suffix list...
2018-03-09T13:13:27.328Z: Check and re-enable Ec2WindowsActivate plugin if last activation was against old kms configuration
2018-03-09T13:13:27.328Z: KMS configuration is up-to-date or customized
2018-03-09T13:13:34.781Z: Driver: AWS PV Network Device v7.4.6.0
2018-03-09T13:13:34.781Z: Driver: AWS PV Storage Host Adapter v7.4.6.5
2018-03-09T13:13:34.781Z: Loading plugins
2018-03-09T13:13:34.797Z: Plugin Ec2SetComputerName is disabled.
2018-03-09T13:13:34.797Z: Plugin Ec2EventLog is disabled.
2018-03-09T13:13:34.797Z: Plugin Ec2ConfigureRDP is disabled.
2018-03-09T13:13:34.797Z: =========Loading plugin Ec2SetPassword==============
2018-03-09T13:13:34.797Z: Ec2SetPassword: Plugin default state is Disabled so disable the plugin
2018-03-09T13:13:34.797Z: Ec2SetPassword: Executing in a new thread
2018-03-09T13:13:34.797Z: =========Loading plugin Ec2InitializeDrives==============
2018-03-09T13:13:34.797Z: Ec2InitializeDrives: Executing in a new thread
2018-03-09T13:13:34.813Z: =========Loading plugin Ec2OutputRDPCert==============
2018-03-09T13:13:34.813Z: Ec2OutputRDPCert: Executing in a new thread
2018-03-09T13:13:34.813Z: Ec2OutputRDPCert: Start Ec2OutputRDPCert
2018-03-09T13:13:34.813Z: =========Loading plugin Ec2SetDriveLetter==============
2018-03-09T13:13:34.813Z: Ec2SetDriveLetter: Executing in a new thread
2018-03-09T13:13:34.813Z: Ec2SetPassword: Inititalizing the Windows AMI....
2018-03-09T13:13:34.828Z: =========Loading plugin Ec2WindowsActivate==============
2018-03-09T13:13:34.828Z: Ec2WindowsActivate: Executing in a new thread
2018-03-09T13:13:34.844Z: =========Loading plugin Ec2DynamicBootVolumeSize==============
2018-03-09T13:13:34.844Z: Ec2DynamicBootVolumeSize: Plugin default state is Disabled so disable the plugin
2018-03-09T13:13:34.844Z: Ec2DynamicBootVolumeSize: Executing in a new thread
2018-03-09T13:13:34.844Z: Ec2DynamicBootVolumeSize: Begin executing volume extension
2018-03-09T13:13:34.844Z: =========Loading plugin Ec2ElasticGpuSetup==============
2018-03-09T13:13:34.844Z: Ec2ElasticGpuSetup: Executing in a new thread
2018-03-09T13:13:34.844Z: Ec2WindowsActivate: Windows activate plugin initialized.
2018-03-09T13:13:34.844Z: =========Loading plugin Ec2FeatureLogging==============
2018-03-09T13:13:34.844Z: Ec2FeatureLogging: Executing in a new thread
2018-03-09T13:13:34.844Z: Starting execution of script 'C:\Program Files\Amazon\Ec2ConfigService\Scripts\Send-FeatureStatus.ps1'.
2018-03-09T13:13:34.859Z: Failed to fetch instance metadata http://169.254.169.254/latest/meta-data/elastic-gpus/associations with exception The remote server returned an error: (404) Not Found.
2018-03-09T13:13:34.859Z: Ec2ElasticGpuSetup: Access to ElasticGPU metadata failed with error: The remote server returned an error: (404) Not Found.
2018-03-09T13:13:34.859Z: Ec2ElasticGpuSetup: ElasticGPUs not available on this instance
2018-03-09T13:13:35.266Z: secedit executed successfully
2018-03-09T13:13:35.266Z: Password: GPO minimum length used is 0
2018-03-09T13:13:35.266Z: Ec2SetPassword: GPO Minimum length 0
2018-03-09T13:13:35.563Z: Waiting for background plugin to complete: Ec2SetPassword
2018-03-09T13:13:35.594Z: Ec2SetDriveLetter: Checking current volumes for any device name change
2018-03-09T13:13:35.656Z: Ec2SetDriveLetter: C: is mounted with Volume Name 
2018-03-09T13:13:35.859Z: Ec2OutputRDPCert: Thumprint of RDP certificate is D02B6AA2BD30A64FBD413E7A3EEF71924FAD3998
2018-03-09T13:13:37.672Z: Ec2WindowsActivate: Activation Status: ''
2018-03-09T13:13:37.688Z: Ec2WindowsActivate: Initializing Activation Plugin...
2018-03-09T13:13:38.078Z: Ec2InitializeDrives: Disable TRIM.
2018-03-09T13:13:38.172Z: Ec2InitializeDrives: Found Disk Name:\\.\PHYSICALDRIVE0; Index:0; SizeBytes:64420392960;
2018-03-09T13:13:38.187Z: Ec2InitializeDrives: Checking for partitions
2018-03-09T13:13:38.187Z: Ec2InitializeDrives: disk["Partitions"] = 2
2018-03-09T13:13:38.203Z: Ec2DynamicBootVolumeSize: Diskpart executed successfully.
2018-03-09T13:13:38.203Z: Ec2DynamicBootVolumeSize: Finish executing volume extension
2018-03-09T13:13:38.281Z: Ec2InitializeDrives: Found Disk Name:\\.\PHYSICALDRIVE0; Index:0; SizeBytes:64420392960;
2018-03-09T13:13:38.281Z: Ec2InitializeDrives: Checking for partitions
2018-03-09T13:13:38.281Z: Ec2InitializeDrives: disk["Partitions"] = 2
2018-03-09T13:13:38.406Z: Ec2InitializeDrives: Found Disk Name:\\.\PHYSICALDRIVE0; Index:0; SizeBytes:64420392960;
2018-03-09T13:13:38.406Z: Ec2InitializeDrives: Checking for partitions
2018-03-09T13:13:38.406Z: Ec2InitializeDrives: disk["Partitions"] = 2
2018-03-09T13:13:38.594Z: Background plugin complete: Ec2SetPassword
2018-03-09T13:13:38.594Z: Waiting for background plugin to complete: Ec2InitializeDrives
2018-03-09T13:13:38.672Z: Ec2InitializeDrives: Enable TRIM.
2018-03-09T13:13:38.672Z: Ec2InitializeDrives: Initialization finished. Plugin exiting...
2018-03-09T13:13:38.703Z: Background plugin complete: Ec2InitializeDrives
2018-03-09T13:13:38.703Z: Waiting for background plugin to complete: Ec2OutputRDPCert
2018-03-09T13:13:38.703Z: Background plugin complete: Ec2OutputRDPCert
2018-03-09T13:13:38.703Z: Waiting for background plugin to complete: Ec2SetDriveLetter
2018-03-09T13:13:38.703Z: Background plugin complete: Ec2SetDriveLetter
2018-03-09T13:13:38.703Z: Waiting for background plugin to complete: Ec2WindowsActivate
2018-03-09T13:13:40.156Z: Ec2WindowsActivate: Trying Windows Activation using NAT.
2018-03-09T13:13:40.156Z: Ec2WindowsActivate: Activating using 169.254.169.250 server.
2018-03-09T13:13:40.156Z: Ec2WindowsActivate: Setting KMS to: 169.254.169.250:1688
2018-03-09T13:13:44.781Z: Ec2WindowsActivate: KMS: Server:169.254.169.250; Attempt:1
2018-03-09T13:13:44.781Z: Ec2WindowsActivate: Product Activation Successful.
2018-03-09T13:13:44.781Z: Ec2WindowsActivate: Activation succeeded using 169.254.169.250 KMS server.
2018-03-09T13:13:44.781Z: Ec2WindowsActivate: Log Result to Console: True
2018-03-09T13:13:44.797Z: Background plugin complete: Ec2WindowsActivate
2018-03-09T13:13:44.797Z: Waiting for background plugin to complete: Ec2DynamicBootVolumeSize
2018-03-09T13:13:44.797Z: Background plugin complete: Ec2DynamicBootVolumeSize
2018-03-09T13:13:44.797Z: Waiting for background plugin to complete: Ec2ElasticGpuSetup
2018-03-09T13:13:44.797Z: Background plugin complete: Ec2ElasticGpuSetup
2018-03-09T13:13:44.797Z: Waiting for background plugin to complete: Ec2FeatureLogging
2018-03-09T13:13:44.797Z: Background plugin complete: Ec2FeatureLogging
2018-03-09T13:13:44.953Z: Removing Administrator password from Sysprep Answer File (if exists)
2018-03-09T13:13:45.078Z: SysprepUtils: Sysprep Answer File found at C:\Program Files\Amazon\Ec2ConfigService\sysprep2008.xml
2018-03-09T13:13:45.094Z: Sending configuration complete event.
2018-03-09T13:13:45.094Z: Windows is Ready to use
2018-03-09T13:13:47.125Z: Ec2HandleUserData: Plugin default state is Disabled so disable the plugin
2018-03-09T13:13:47.125Z: Ec2HandleUserData: Executing in a new thread
2018-03-09T13:13:47.125Z: Ec2HandleUserData: Message: Start running user scripts
2018-03-09T13:13:47.125Z: Ec2HandleUserData: Message: Could not find <runAsLocalSystem> and </runAsLocalSystem>
2018-03-09T13:13:47.125Z: Ec2HandleUserData: Message: Could not find <powershellArguments> and </powershellArguments>
2018-03-09T13:13:47.125Z: Ec2HandleUserData: Message: Could not find <persist> and </persist>
2018-03-09T13:13:47.125Z: Ec2HandleUserData: Message: Could not find <script> and </script>
2018-03-09T13:13:47.125Z: Waiting for background plugin to complete: Ec2HandleUserData
2018-03-09T13:13:47.140Z: Ec2HandleUserData: Message: Executing C:\Windows\system32\cmd.exe /C "C:\Windows\system32\WindowsPowerShell\v1.0\powershell.exe -ExecutionPolicy unrestricted . 'C:\Program Files\Amazon\Ec2ConfigService\Scripts\UserScript.ps1' 1> "C:\Windows\TEMP\tmpA13C.tmp" 2> "C:\Windows\TEMP\tmpA13D.tmp"" from Administrator account
2018-03-09T13:13:59.375Z: Ec2HandleUserData: Message: The errors from user scripts: Add-Computer : Computer 'WIN-2R8V1MM805F' failed to join domain 'aviva001.com' 
from its current workgroup 'WORKGROUP' with following error message: The 
specified domain either does not exist or could not be contacted.
At C:\Program Files\Amazon\Ec2ConfigService\Scripts\UserScript.ps1:12 char:5
+     Add-Computer -DomainName "aviva001.com" -Credential $cred -OUPath 
"ou=bakery ...
+ ~~~~~~~~~~~~~~~~~~~~~~~~~~~~~~~~~~~~~~~~~~~~~~~~~~~~~~~~~~~~~~~~~~~~~~~~~~~~~
~~~
    + CategoryInfo          : OperationStopped: (WIN-2R8V1MM805F:String) [Add- 
   Computer], InvalidOperationException
    + FullyQualifiedErrorId : FailToJoinDomainFromWorkgroup,Microsoft.PowerShe 
   ll.Commands.AddComputerCommand
 

2018-03-09T13:13:59.375Z: Ec2HandleUserData: Message: The output from user scripts: Checking if domain joined
Join Domain
Enable userdata for next boot
Setting Config.xml

2018-03-09T13:13:59.375Z: Background plugin complete: Ec2HandleUserData
2018-03-09T13:13:59.390Z: After ready plugins complete.
2018-03-09T13:14:02.829Z: SSM Service is running now
2018-03-09T13:14:02.886Z: Ec2ConfigService stopping...
2018-03-09T13:14:02.886Z: stopping Main configuration
2018-03-09T13:14:02.920Z: stopping Legacy configuration
2018-03-09T13:14:02.945Z: Message: EC2Config stopping.
2018-03-09T13:14:02.948Z: Closing COM port handle
2018-03-09T13:14:05.484Z: Done stopping running threads.
2018-03-09T13:14:05.546Z: Unhandled Exception Occurred: Shutting down 
2018-03-09T13:14:05.546Z: Possible Plugin Name from Exception is 
2018-03-09T13:14:05.546Z: Gettting Ec2ConfigExceptionsData...
2018-03-09T13:14:47.433Z: EC2Config service starting...
2018-03-09T13:14:48.655Z: Legacy configurator starting...
2018-03-09T13:14:49.311Z: Legacy configurator started.
2018-03-09T13:14:49.546Z: Finding resources
2018-03-09T13:14:49.546Z: Done Finding resources
2018-03-09T13:14:49.546Z: Updating config files...
2018-03-09T13:14:49.546Z: Update config files completed.
2018-03-09T13:14:49.546Z: EC2ConfigMonitorState: 0
2018-03-09T13:14:50.280Z: Starting execution of script 'C:\Program Files\Amazon\Ec2ConfigService\Scripts\DiscoverConsolePort.ps1'.
2018-03-09T13:14:55.749Z: Opening COM1 port handle to write to the console
2018-03-09T13:14:55.781Z: Checking Configuration State of Windows before continuing
2018-03-09T13:14:55.781Z: Windows sysprep configuration complete.
2018-03-09T13:14:56.068Z: Warning: Unable to Publish to WMI. | System.Management.Instrumentation.WmiProviderInstallationException: Exception of type 'System.Management.Instrumentation.WMIInfraException' was thrown.
   at System.Management.Instrumentation.InstrumentationManager.Publish(Object value)
   at Ec2Config.LegacyConfiguration.LegacyConfigurator.PublishWmiInstance()
2018-03-09T13:14:56.104Z: Checking for Sysprep
2018-03-09T13:14:56.921Z: AMI Origin Version: 2018.02.23
2018-03-09T13:14:56.921Z: AMI Origin Name: Windows_Server-2012-R2_RTM-English-64Bit-Base
2018-03-09T13:14:56.952Z: OS: Microsoft Windows NT 6.3.9600
2018-03-09T13:14:56.968Z: OsVersion: 6.3
2018-03-09T13:14:56.968Z: OsProductName: Windows Server 2012 R2 Standard
2018-03-09T13:14:56.999Z: OsBuildLabEx: 9600.18931.amd64fre.winblue_ltsb.180201-0600
2018-03-09T13:14:56.999Z: Language: en-GB
2018-03-09T13:14:57.014Z: TimeZone: GMT Standard Time
2018-03-09T13:14:57.014Z: Offset: UTC 00:00:00
2018-03-09T13:14:57.014Z: EC2 Agent: Ec2Config service v4.9.2400
2018-03-09T13:14:57.467Z: Reading C:\Program Files\Amazon\Ec2ConfigService\Settings\config.xml
2018-03-09T13:14:57.639Z: EC2AddRoute: Adding Routes to Adapter with index: 12
2018-03-09T13:14:57.671Z: EC2AddRoute: Successfully added the Ip Route: 169.254.169.254 mask: 255.255.255.255, gateway: 10.65.128.1, NIC index: 12, Metric: 10
2018-03-09T13:14:57.686Z: EC2AddRoute: Successfully added the Ip Route: 169.254.169.250 mask: 255.255.255.255, gateway: 10.65.128.1, NIC index: 12, Metric: 10
2018-03-09T13:14:57.686Z: EC2AddRoute: Successfully added the Ip Route: 169.254.169.251 mask: 255.255.255.255, gateway: 10.65.128.1, NIC index: 12, Metric: 10
2018-03-09T13:14:57.686Z: Message: Waiting for meta-data accessibility...
2018-03-09T13:14:58.202Z: Message: Meta-data is now available.
2018-03-09T13:14:58.603Z: Windows License Type: ProvidedByAmazon
2018-03-09T13:14:58.624Z: AMI-ID: ami-4c044835
2018-03-09T13:14:58.624Z: Instance-ID: i-0ce66caf8a1692941
2018-03-09T13:14:59.045Z: Ec2SetDnsSuffixes: Setting new suffix list...
2018-03-09T13:14:59.061Z: Check and re-enable Ec2WindowsActivate plugin if last activation was against old kms configuration
2018-03-09T13:14:59.061Z: KMS configuration is up-to-date or customized
2018-03-09T13:15:10.780Z: Driver: AWS PV Network Device v7.4.6.0
2018-03-09T13:15:10.780Z: Driver: AWS PV Storage Host Adapter v7.4.6.5
2018-03-09T13:15:10.795Z: Loading plugins
2018-03-09T13:15:10.795Z: Plugin Ec2SetPassword is disabled.
2018-03-09T13:15:10.795Z: Plugin Ec2SetComputerName is disabled.
2018-03-09T13:15:10.795Z: Plugin Ec2EventLog is disabled.
2018-03-09T13:15:10.795Z: Plugin Ec2ConfigureRDP is disabled.
2018-03-09T13:15:10.795Z: Plugin Ec2DynamicBootVolumeSize is disabled.
2018-03-09T13:15:10.795Z: =========Loading plugin Ec2InitializeDrives==============
2018-03-09T13:15:10.795Z: Ec2InitializeDrives: Executing in a new thread
2018-03-09T13:15:10.811Z: =========Loading plugin Ec2OutputRDPCert==============
2018-03-09T13:15:10.811Z: Ec2OutputRDPCert: Executing in a new thread
2018-03-09T13:15:10.811Z: Ec2OutputRDPCert: Start Ec2OutputRDPCert
2018-03-09T13:15:10.811Z: =========Loading plugin Ec2SetDriveLetter==============
2018-03-09T13:15:10.811Z: Ec2SetDriveLetter: Executing in a new thread
2018-03-09T13:15:10.811Z: =========Loading plugin Ec2WindowsActivate==============
2018-03-09T13:15:10.826Z: Ec2WindowsActivate: Executing in a new thread
2018-03-09T13:15:10.826Z: =========Loading plugin Ec2ElasticGpuSetup==============
2018-03-09T13:15:10.826Z: Ec2ElasticGpuSetup: Executing in a new thread
2018-03-09T13:15:10.826Z: Ec2WindowsActivate: Windows activate plugin initialized.
2018-03-09T13:15:10.842Z: =========Loading plugin Ec2FeatureLogging==============
2018-03-09T13:15:10.842Z: Ec2FeatureLogging: Executing in a new thread
2018-03-09T13:15:10.842Z: Failed to fetch instance metadata http://169.254.169.254/latest/meta-data/elastic-gpus/associations with exception The remote server returned an error: (404) Not Found.
2018-03-09T13:15:10.842Z: Ec2ElasticGpuSetup: Access to ElasticGPU metadata failed with error: The remote server returned an error: (404) Not Found.
2018-03-09T13:15:10.842Z: Ec2ElasticGpuSetup: ElasticGPUs not available on this instance
2018-03-09T13:15:10.842Z: Starting execution of script 'C:\Program Files\Amazon\Ec2ConfigService\Scripts\Send-FeatureStatus.ps1'.
2018-03-09T13:15:10.951Z: Ec2InitializeDrives: Disable TRIM.
2018-03-09T13:15:10.998Z: Ec2SetDriveLetter: Checking current volumes for any device name change
2018-03-09T13:15:11.311Z: Ec2OutputRDPCert: Thumprint of RDP certificate is D02B6AA2BD30A64FBD413E7A3EEF71924FAD3998
2018-03-09T13:15:11.358Z: Ec2InitializeDrives: Found Disk Name:\\.\PHYSICALDRIVE0; Index:0; SizeBytes:64420392960;
2018-03-09T13:15:11.358Z: Ec2InitializeDrives: Checking for partitions
2018-03-09T13:15:11.358Z: Ec2InitializeDrives: disk["Partitions"] = 2
2018-03-09T13:15:11.358Z: Ec2SetDriveLetter: C: is mounted with Volume Name 
2018-03-09T13:15:11.373Z: Ec2InitializeDrives: Found Disk Name:\\.\PHYSICALDRIVE0; Index:0; SizeBytes:64420392960;
2018-03-09T13:15:11.389Z: Ec2InitializeDrives: Checking for partitions
2018-03-09T13:15:11.389Z: Ec2InitializeDrives: disk["Partitions"] = 2
2018-03-09T13:15:11.420Z: Ec2InitializeDrives: Found Disk Name:\\.\PHYSICALDRIVE0; Index:0; SizeBytes:64420392960;
2018-03-09T13:15:11.436Z: Ec2InitializeDrives: Checking for partitions
2018-03-09T13:15:11.436Z: Ec2InitializeDrives: disk["Partitions"] = 2
2018-03-09T13:15:11.451Z: Waiting for background plugin to complete: Ec2InitializeDrives
2018-03-09T13:15:11.514Z: Ec2InitializeDrives: Enable TRIM.
2018-03-09T13:15:11.514Z: Ec2InitializeDrives: Initialization finished. Plugin exiting...
2018-03-09T13:15:11.545Z: Background plugin complete: Ec2InitializeDrives
2018-03-09T13:15:11.545Z: Waiting for background plugin to complete: Ec2OutputRDPCert
2018-03-09T13:15:11.545Z: Background plugin complete: Ec2OutputRDPCert
2018-03-09T13:15:11.545Z: Waiting for background plugin to complete: Ec2SetDriveLetter
2018-03-09T13:15:11.561Z: Background plugin complete: Ec2SetDriveLetter
2018-03-09T13:15:11.561Z: Waiting for background plugin to complete: Ec2WindowsActivate
2018-03-09T13:15:15.186Z: Ec2WindowsActivate: Activation S--output truncated--
